# JRE version: OpenJDK Runtime Environment (17.0.11) (build 17.0.11+0--11852314)
# Java VM: OpenJDK 64-Bit Server VM (17.0.11+0--11852314, mixed mode, tiered, compressed oops, compressed class ptrs, g1 gc, windows-amd64)
GC Precious Log:
 CPUs: 12 total, 12 available
 Memory: 32627M
 Large Page Support: Disabled
 NUMA Support: Disabled
 Compressed Oops: Enabled (32-bit)
 Heap Region Size: 1M
 Heap Min Capacity: 8M
 Heap Initial Capacity: 510M
 Heap Max Capacity: 2G
 Pre-touch: Disabled
 Parallel Workers: 10
 Concurrent Workers: 3
 Concurrent Refinement Workers: 10
 Periodic GC: Disabled
Heap:
 garbage-first heap   total 438272K, used 210903K [0x0000000080000000, 0x0000000100000000)
  region size 1024K, 98 young (100352K), 6 survivors (6144K)
 Metaspace       used 112637K, committed 113408K, reserved 1179648K
  class space    used 15170K, committed 15552K, reserved 1048576K
GC Heap History (20 events):
Event: 5.612 GC heap before
{Heap before GC invocations=19 (full 0):
 garbage-first heap   total 219136K, used 176128K [0x0000000080000000, 0x0000000100000000)
  region size 1024K, 88 young (90112K), 4 survivors (4096K)
 Metaspace       used 96847K, committed 97600K, reserved 1179648K
  class space    used 13452K, committed 13824K, reserved 1048576K
}
Event: 5.616 GC heap after
{Heap after GC invocations=20 (full 0):
 garbage-first heap   total 219136K, used 93629K [0x0000000080000000, 0x0000000100000000)
  region size 1024K, 7 young (7168K), 7 survivors (7168K)
 Metaspace       used 96847K, committed 97600K, reserved 1179648K
  class space    used 13452K, committed 13824K, reserved 1048576K
}
Event: 5.819 GC heap before
{Heap before GC invocations=20 (full 0):
 garbage-first heap   total 219136K, used 128445K [0x0000000080000000, 0x0000000100000000)
  region size 1024K, 42 young (43008K), 7 survivors (7168K)
 Metaspace       used 100046K, committed 100736K, reserved 1179648K
  class space    used 13835K, committed 14208K, reserved 1048576K
}
Event: 5.822 GC heap after
{Heap after GC invocations=21 (full 0):
 garbage-first heap   total 219136K, used 96280K [0x0000000080000000, 0x0000000100000000)
  region size 1024K, 7 young (7168K), 7 survivors (7168K)
 Metaspace       used 100046K, committed 100736K, reserved 1179648K
  class space    used 13835K, committed 14208K, reserved 1048576K
}
Event: 6.190 GC heap before
{Heap before GC invocations=22 (full 0):
 garbage-first heap   total 219136K, used 181272K [0x0000000080000000, 0x0000000100000000)
  region size 1024K, 86 young (88064K), 7 survivors (7168K)
 Metaspace       used 104830K, committed 105600K, reserved 1179648K
  class space    used 14417K, committed 14784K, reserved 1048576K
}
Event: 6.195 GC heap after
{Heap after GC invocations=23 (full 0):
 garbage-first heap   total 219136K, used 105999K [0x0000000080000000, 0x0000000100000000)
  region size 1024K, 11 young (11264K), 11 survivors (11264K)
 Metaspace       used 104830K, committed 105600K, reserved 1179648K
  class space    used 14417K, committed 14784K, reserved 1048576K
}
Event: 6.197 GC heap before
{Heap before GC invocations=23 (full 0):
 garbage-first heap   total 219136K, used 107023K [0x0000000080000000, 0x0000000100000000)
  region size 1024K, 12 young (12288K), 11 survivors (11264K)
 Metaspace       used 104832K, committed 105600K, reserved 1179648K
  class space    used 14417K, committed 14784K, reserved 1048576K
}
Event: 6.200 GC heap after
{Heap after GC invocations=24 (full 0):
 garbage-first heap   total 219136K, used 107576K [0x0000000080000000, 0x0000000100000000)
  region size 1024K, 2 young (2048K), 2 survivors (2048K)
 Metaspace       used 104832K, committed 105600K, reserved 1179648K
  class space    used 14417K, committed 14784K, reserved 1048576K
}
Event: 6.319 GC heap before
{Heap before GC invocations=24 (full 0):
 garbage-first heap   total 219136K, used 174136K [0x0000000080000000, 0x0000000100000000)
  region size 1024K, 68 young (69632K), 2 survivors (2048K)
 Metaspace       used 105367K, committed 106176K, reserved 1179648K
  class space    used 14499K, committed 14848K, reserved 1048576K
}
Event: 6.321 GC heap after
{Heap after GC invocations=25 (full 0):
 garbage-first heap   total 219136K, used 110607K [0x0000000080000000, 0x0000000100000000)
  region size 1024K, 5 young (5120K), 5 survivors (5120K)
 Metaspace       used 105367K, committed 106176K, reserved 1179648K
  class space    used 14499K, committed 14848K, reserved 1048576K
}
Event: 6.500 GC heap before
{Heap before GC invocations=26 (full 0):
 garbage-first heap   total 219136K, used 175119K [0x0000000080000000, 0x0000000100000000)
  region size 1024K, 69 young (70656K), 5 survivors (5120K)
 Metaspace       used 105793K, committed 106560K, reserved 1179648K
  class space    used 14536K, committed 14912K, reserved 1048576K
}
Event: 6.502 GC heap after
{Heap after GC invocations=27 (full 0):
 garbage-first heap   total 219136K, used 113579K [0x0000000080000000, 0x0000000100000000)
  region size 1024K, 6 young (6144K), 6 survivors (6144K)
 Metaspace       used 105793K, committed 106560K, reserved 1179648K
  class space    used 14536K, committed 14912K, reserved 1048576K
}
Event: 6.506 GC heap before
{Heap before GC invocations=27 (full 0):
 garbage-first heap   total 219136K, used 116651K [0x0000000080000000, 0x0000000100000000)
  region size 1024K, 10 young (10240K), 6 survivors (6144K)
 Metaspace       used 105803K, committed 106560K, reserved 1179648K
  class space    used 14536K, committed 14912K, reserved 1048576K
}
Event: 6.508 GC heap after
{Heap after GC invocations=28 (full 0):
 garbage-first heap   total 219136K, used 111739K [0x0000000080000000, 0x0000000100000000)
  region size 1024K, 2 young (2048K), 2 survivors (2048K)
 Metaspace       used 105803K, committed 106560K, reserved 1179648K
  class space    used 14536K, committed 14912K, reserved 1048576K
}
Event: 6.619 GC heap before
{Heap before GC invocations=28 (full 0):
 garbage-first heap   total 219136K, used 175227K [0x0000000080000000, 0x0000000100000000)
  region size 1024K, 65 young (66560K), 2 survivors (2048K)
 Metaspace       used 106073K, committed 106880K, reserved 1179648K
  class space    used 14566K, committed 14976K, reserved 1048576K
}
Event: 6.621 GC heap after
{Heap after GC invocations=29 (full 0):
 garbage-first heap   total 219136K, used 114277K [0x0000000080000000, 0x0000000100000000)
  region size 1024K, 5 young (5120K), 5 survivors (5120K)
 Metaspace       used 106073K, committed 106880K, reserved 1179648K
  class space    used 14566K, committed 14976K, reserved 1048576K
}
Event: 6.695 GC heap before
{Heap before GC invocations=29 (full 0):
 garbage-first heap   total 219136K, used 176741K [0x0000000080000000, 0x0000000100000000)
  region size 1024K, 67 young (68608K), 5 survivors (5120K)
 Metaspace       used 106161K, committed 106944K, reserved 1179648K
  class space    used 14570K, committed 14976K, reserved 1048576K
}
Event: 6.697 GC heap after
{Heap after GC invocations=30 (full 0):
 garbage-first heap   total 219136K, used 116189K [0x0000000080000000, 0x0000000100000000)
  region size 1024K, 7 young (7168K), 7 survivors (7168K)
 Metaspace       used 106161K, committed 106944K, reserved 1179648K
  class space    used 14570K, committed 14976K, reserved 1048576K
}
Event: 6.902 GC heap before
{Heap before GC invocations=30 (full 0):
 garbage-first heap   total 219136K, used 177629K [0x0000000080000000, 0x0000000100000000)
  region size 1024K, 68 young (69632K), 7 survivors (7168K)
 Metaspace       used 110698K, committed 111488K, reserved 1179648K
  class space    used 15038K, committed 15424K, reserved 1048576K
}
Event: 6.906 GC heap after
{Heap after GC invocations=31 (full 0):
 garbage-first heap   total 438272K, used 117719K [0x0000000080000000, 0x0000000100000000)
  region size 1024K, 6 young (6144K), 6 survivors (6144K)
 Metaspace       used 110698K, committed 111488K, reserved 1179648K
  class space    used 15038K, committed 15424K, reserved 1048576K
}

