# JRE version: OpenJDK Runtime Environment (17.0.11) (build 17.0.11+0--11852314)
# Java VM: OpenJDK 64-Bit Server VM (17.0.11+0--11852314, mixed mode, tiered, compressed oops, compressed class ptrs, g1 gc, windows-amd64)
GC Precious Log:
 CPUs: 12 total, 12 available
 Memory: 32627M
 Large Page Support: Disabled
 NUMA Support: Disabled
 Compressed Oops: Enabled (32-bit)
 Heap Region Size: 1M
 Heap Min Capacity: 8M
 Heap Initial Capacity: 510M
 Heap Max Capacity: 2G
 Pre-touch: Disabled
 Parallel Workers: 10
 Concurrent Workers: 3
 Concurrent Refinement Workers: 10
 Periodic GC: Disabled
Heap:
 garbage-first heap   total 71680K, used 36294K [0x0000000080000000, 0x0000000100000000)
  region size 1024K, 16 young (16384K), 2 survivors (2048K)
 Metaspace       used 39414K, committed 39744K, reserved 1114112K
  class space    used 5268K, committed 5440K, reserved 1048576K
GC Heap History (16 events):
Event: 0.372 GC heap before
{Heap before GC invocations=0 (full 0):
 garbage-first heap   total 522240K, used 28672K [0x0000000080000000, 0x0000000100000000)
  region size 1024K, 25 young (25600K), 0 survivors (0K)
 Metaspace       used 10593K, committed 10752K, reserved 1114112K
  class space    used 1099K, committed 1152K, reserved 1048576K
}
Event: 0.374 GC heap after
{Heap after GC invocations=1 (full 0):
 garbage-first heap   total 522240K, used 11016K [0x0000000080000000, 0x0000000100000000)
  region size 1024K, 4 young (4096K), 4 survivors (4096K)
 Metaspace       used 10593K, committed 10752K, reserved 1114112K
  class space    used 1099K, committed 1152K, reserved 1048576K
}
Event: 0.575 GC heap before
{Heap before GC invocations=1 (full 0):
 garbage-first heap   total 522240K, used 40712K [0x0000000080000000, 0x0000000100000000)
  region size 1024K, 33 young (33792K), 4 survivors (4096K)
 Metaspace       used 11473K, committed 11648K, reserved 1114112K
  class space    used 1198K, committed 1280K, reserved 1048576K
}
Event: 0.577 GC heap after
{Heap after GC invocations=2 (full 0):
 garbage-first heap   total 522240K, used 11327K [0x0000000080000000, 0x0000000100000000)
  region size 1024K, 1 young (1024K), 1 survivors (1024K)
 Metaspace       used 11473K, committed 11648K, reserved 1114112K
  class space    used 1198K, committed 1280K, reserved 1048576K
}
Event: 0.952 GC heap before
{Heap before GC invocations=2 (full 0):
 garbage-first heap   total 522240K, used 58431K [0x0000000080000000, 0x0000000100000000)
  region size 1024K, 47 young (48128K), 1 survivors (1024K)
 Metaspace       used 21281K, committed 21504K, reserved 1114112K
  class space    used 2498K, committed 2624K, reserved 1048576K
}
Event: 0.956 GC heap after
{Heap after GC invocations=3 (full 0):
 garbage-first heap   total 522240K, used 18993K [0x0000000080000000, 0x0000000100000000)
  region size 1024K, 9 young (9216K), 9 survivors (9216K)
 Metaspace       used 21281K, committed 21504K, reserved 1114112K
  class space    used 2498K, committed 2624K, reserved 1048576K
}
Event: 1.229 GC heap before
{Heap before GC invocations=4 (full 0):
 garbage-first heap   total 71680K, used 55857K [0x0000000080000000, 0x0000000100000000)
  region size 1024K, 47 young (48128K), 9 survivors (9216K)
 Metaspace       used 27264K, committed 27520K, reserved 1114112K
  class space    used 3519K, committed 3648K, reserved 1048576K
}
Event: 1.234 GC heap after
{Heap after GC invocations=5 (full 0):
 garbage-first heap   total 71680K, used 20793K [0x0000000080000000, 0x0000000100000000)
  region size 1024K, 3 young (3072K), 3 survivors (3072K)
 Metaspace       used 27264K, committed 27520K, reserved 1114112K
  class space    used 3519K, committed 3648K, reserved 1048576K
}
Event: 1.239 GC heap before
{Heap before GC invocations=5 (full 0):
 garbage-first heap   total 71680K, used 21817K [0x0000000080000000, 0x0000000100000000)
  region size 1024K, 4 young (4096K), 3 survivors (3072K)
 Metaspace       used 27349K, committed 27584K, reserved 1114112K
  class space    used 3538K, committed 3648K, reserved 1048576K
}
Event: 1.241 GC heap after
{Heap after GC invocations=6 (full 0):
 garbage-first heap   total 71680K, used 21083K [0x0000000080000000, 0x0000000100000000)
  region size 1024K, 1 young (1024K), 1 survivors (1024K)
 Metaspace       used 27349K, committed 27584K, reserved 1114112K
  class space    used 3538K, committed 3648K, reserved 1048576K
}
Event: 1.431 GC heap before
{Heap before GC invocations=6 (full 0):
 garbage-first heap   total 71680K, used 49755K [0x0000000080000000, 0x0000000100000000)
  region size 1024K, 30 young (30720K), 1 survivors (1024K)
 Metaspace       used 31376K, committed 31744K, reserved 1114112K
  class space    used 4187K, committed 4352K, reserved 1048576K
}
Event: 1.432 GC heap after
{Heap after GC invocations=7 (full 0):
 garbage-first heap   total 71680K, used 22498K [0x0000000080000000, 0x0000000100000000)
  region size 1024K, 2 young (2048K), 2 survivors (2048K)
 Metaspace       used 31376K, committed 31744K, reserved 1114112K
  class space    used 4187K, committed 4352K, reserved 1048576K
}
Event: 1.609 GC heap before
{Heap before GC invocations=7 (full 0):
 garbage-first heap   total 71680K, used 52194K [0x0000000080000000, 0x0000000100000000)
  region size 1024K, 31 young (31744K), 2 survivors (2048K)
 Metaspace       used 35107K, committed 35520K, reserved 1114112K
  class space    used 4792K, committed 4992K, reserved 1048576K
}
Event: 1.610 GC heap after
{Heap after GC invocations=8 (full 0):
 garbage-first heap   total 71680K, used 23717K [0x0000000080000000, 0x0000000100000000)
  region size 1024K, 3 young (3072K), 3 survivors (3072K)
 Metaspace       used 35107K, committed 35520K, reserved 1114112K
  class space    used 4792K, committed 4992K, reserved 1048576K
}
Event: 1.632 GC heap before
{Heap before GC invocations=8 (full 0):
 garbage-first heap   total 71680K, used 25765K [0x0000000080000000, 0x0000000100000000)
  region size 1024K, 7 young (7168K), 3 survivors (3072K)
 Metaspace       used 35658K, committed 35968K, reserved 1114112K
  class space    used 4864K, committed 5056K, reserved 1048576K
}
Event: 1.633 GC heap after
{Heap after GC invocations=9 (full 0):
 garbage-first heap   total 71680K, used 24006K [0x0000000080000000, 0x0000000100000000)
  region size 1024K, 2 young (2048K), 2 survivors (2048K)
 Metaspace       used 35658K, committed 35968K, reserved 1114112K
  class space    used 4864K, committed 5056K, reserved 1048576K
}

