# JRE version: OpenJDK Runtime Environment (17.0.11) (build 17.0.11+0--11852314)
# Java VM: OpenJDK 64-Bit Server VM (17.0.11+0--11852314, mixed mode, tiered, compressed oops, compressed class ptrs, g1 gc, windows-amd64)
GC Precious Log:
 CPUs: 12 total, 12 available
 Memory: 32627M
 Large Page Support: Disabled
 NUMA Support: Disabled
 Compressed Oops: Enabled (32-bit)
 Heap Region Size: 1M
 Heap Min Capacity: 8M
 Heap Initial Capacity: 510M
 Heap Max Capacity: 2G
 Pre-touch: Disabled
 Parallel Workers: 10
 Concurrent Workers: 3
 Concurrent Refinement Workers: 10
 Periodic GC: Disabled
Heap:
 garbage-first heap   total 222208K, used 164581K [0x0000000080000000, 0x0000000100000000)
  region size 1024K, 40 young (40960K), 9 survivors (9216K)
 Metaspace       used 137201K, committed 138240K, reserved 1179648K
  class space    used 18872K, committed 19392K, reserved 1048576K
GC Heap History (20 events):
Event: 6.244 GC heap before
{Heap before GC invocations=23 (full 0):
 garbage-first heap   total 222208K, used 106545K [0x0000000080000000, 0x0000000100000000)
  region size 1024K, 13 young (13312K), 12 survivors (12288K)
 Metaspace       used 104443K, committed 105216K, reserved 1179648K
  class space    used 14377K, committed 14784K, reserved 1048576K
}
Event: 6.248 GC heap after
{Heap after GC invocations=24 (full 0):
 garbage-first heap   total 222208K, used 106678K [0x0000000080000000, 0x0000000100000000)
  region size 1024K, 2 young (2048K), 2 survivors (2048K)
 Metaspace       used 104443K, committed 105216K, reserved 1179648K
  class space    used 14377K, committed 14784K, reserved 1048576K
}
Event: 6.467 GC heap before
{Heap before GC invocations=24 (full 0):
 garbage-first heap   total 222208K, used 179382K [0x0000000080000000, 0x0000000100000000)
  region size 1024K, 74 young (75776K), 2 survivors (2048K)
 Metaspace       used 105328K, committed 106112K, reserved 1179648K
  class space    used 14494K, committed 14848K, reserved 1048576K
}
Event: 6.470 GC heap after
{Heap after GC invocations=25 (full 0):
 garbage-first heap   total 222208K, used 110186K [0x0000000080000000, 0x0000000100000000)
  region size 1024K, 6 young (6144K), 6 survivors (6144K)
 Metaspace       used 105328K, committed 106112K, reserved 1179648K
  class space    used 14494K, committed 14848K, reserved 1048576K
}
Event: 6.808 GC heap before
{Heap before GC invocations=26 (full 0):
 garbage-first heap   total 222208K, used 179818K [0x0000000080000000, 0x0000000100000000)
  region size 1024K, 75 young (76800K), 6 survivors (6144K)
 Metaspace       used 107288K, committed 108032K, reserved 1179648K
  class space    used 14755K, committed 15104K, reserved 1048576K
}
Event: 6.812 GC heap after
{Heap after GC invocations=27 (full 0):
 garbage-first heap   total 222208K, used 113735K [0x0000000080000000, 0x0000000100000000)
  region size 1024K, 6 young (6144K), 6 survivors (6144K)
 Metaspace       used 107288K, committed 108032K, reserved 1179648K
  class space    used 14755K, committed 15104K, reserved 1048576K
}
Event: 6.835 GC heap before
{Heap before GC invocations=27 (full 0):
 garbage-first heap   total 222208K, used 116807K [0x0000000080000000, 0x0000000100000000)
  region size 1024K, 10 young (10240K), 6 survivors (6144K)
 Metaspace       used 107641K, committed 108416K, reserved 1179648K
  class space    used 14786K, committed 15168K, reserved 1048576K
}
Event: 6.837 GC heap after
{Heap after GC invocations=28 (full 0):
 garbage-first heap   total 222208K, used 112812K [0x0000000080000000, 0x0000000100000000)
  region size 1024K, 1 young (1024K), 1 survivors (1024K)
 Metaspace       used 107641K, committed 108416K, reserved 1179648K
  class space    used 14786K, committed 15168K, reserved 1048576K
}
Event: 7.045 GC heap before
{Heap before GC invocations=28 (full 0):
 garbage-first heap   total 222208K, used 180396K [0x0000000080000000, 0x0000000100000000)
  region size 1024K, 68 young (69632K), 1 survivors (1024K)
 Metaspace       used 109265K, committed 110080K, reserved 1179648K
  class space    used 15025K, committed 15424K, reserved 1048576K
}
Event: 7.048 GC heap after
{Heap after GC invocations=29 (full 0):
 garbage-first heap   total 222208K, used 117514K [0x0000000080000000, 0x0000000100000000)
  region size 1024K, 6 young (6144K), 6 survivors (6144K)
 Metaspace       used 109265K, committed 110080K, reserved 1179648K
  class space    used 15025K, committed 15424K, reserved 1048576K
}
Event: 10.976 GC heap before
{Heap before GC invocations=29 (full 0):
 garbage-first heap   total 222208K, used 181002K [0x0000000080000000, 0x0000000100000000)
  region size 1024K, 69 young (70656K), 6 survivors (6144K)
 Metaspace       used 114639K, committed 115520K, reserved 1179648K
  class space    used 15826K, committed 16256K, reserved 1048576K
}
Event: 10.980 GC heap after
{Heap after GC invocations=30 (full 0):
 garbage-first heap   total 222208K, used 120120K [0x0000000080000000, 0x0000000100000000)
  region size 1024K, 5 young (5120K), 5 survivors (5120K)
 Metaspace       used 114639K, committed 115520K, reserved 1179648K
  class space    used 15826K, committed 16256K, reserved 1048576K
}
Event: 11.327 GC heap before
{Heap before GC invocations=30 (full 0):
 garbage-first heap   total 222208K, used 181560K [0x0000000080000000, 0x0000000100000000)
  region size 1024K, 66 young (67584K), 5 survivors (5120K)
 Metaspace       used 122932K, committed 123776K, reserved 1179648K
  class space    used 17065K, committed 17472K, reserved 1048576K
}
Event: 11.330 GC heap after
{Heap after GC invocations=31 (full 0):
 garbage-first heap   total 222208K, used 121187K [0x0000000080000000, 0x0000000100000000)
  region size 1024K, 6 young (6144K), 6 survivors (6144K)
 Metaspace       used 122932K, committed 123776K, reserved 1179648K
  class space    used 17065K, committed 17472K, reserved 1048576K
}
Event: 11.756 GC heap before
{Heap before GC invocations=31 (full 0):
 garbage-first heap   total 222208K, used 197987K [0x0000000080000000, 0x0000000100000000)
  region size 1024K, 68 young (69632K), 6 survivors (6144K)
 Metaspace       used 128908K, committed 129856K, reserved 1179648K
  class space    used 18090K, committed 18560K, reserved 1048576K
}
Event: 11.760 GC heap after
{Heap after GC invocations=32 (full 0):
 garbage-first heap   total 222208K, used 124521K [0x0000000080000000, 0x0000000100000000)
  region size 1024K, 5 young (5120K), 5 survivors (5120K)
 Metaspace       used 128908K, committed 129856K, reserved 1179648K
  class space    used 18090K, committed 18560K, reserved 1048576K
}
Event: 181.562 GC heap before
{Heap before GC invocations=32 (full 0):
 garbage-first heap   total 222208K, used 185961K [0x0000000080000000, 0x0000000100000000)
  region size 1024K, 66 young (67584K), 5 survivors (5120K)
 Metaspace       used 134284K, committed 135232K, reserved 1179648K
  class space    used 18602K, committed 19072K, reserved 1048576K
}
Event: 181.566 GC heap after
{Heap after GC invocations=33 (full 0):
 garbage-first heap   total 222208K, used 126168K [0x0000000080000000, 0x0000000100000000)
  region size 1024K, 6 young (6144K), 6 survivors (6144K)
 Metaspace       used 134284K, committed 135232K, reserved 1179648K
  class space    used 18602K, committed 19072K, reserved 1048576K
}
Event: 181.928 GC heap before
{Heap before GC invocations=33 (full 0):
 garbage-first heap   total 222208K, used 186584K [0x0000000080000000, 0x0000000100000000)
  region size 1024K, 66 young (67584K), 6 survivors (6144K)
 Metaspace       used 135666K, committed 136640K, reserved 1179648K
  class space    used 18702K, committed 19200K, reserved 1048576K
}
Event: 181.933 GC heap after
{Heap after GC invocations=34 (full 0):
 garbage-first heap   total 222208K, used 133861K [0x0000000080000000, 0x0000000100000000)
  region size 1024K, 9 young (9216K), 9 survivors (9216K)
 Metaspace       used 135666K, committed 136640K, reserved 1179648K
  class space    used 18702K, committed 19200K, reserved 1048576K
}

